<?xml version="1.0" encoding="UTF-8"?>
<!-- Generated by org.testng.reporters.JUnitXMLReporter -->
<testsuite hostname="ASDW0012" ignored="0" name="Default test" tests="5" failures="0" timestamp="01 Mar 2019 11:36:52 GMT" time="4.223" errors="0">
  <testcase name="level1" time="0.182" classname="TacToc.TacToctest.AppTest"/>
  <testcase name="level2" time="0.415" classname="TacToc.TacToctest.AppTest"/>
  <testcase name="level3" time="0.26" classname="TacToc.TacToctest.AppTest"/>
  <testcase name="level4" time="0.44" classname="TacToc.TacToctest.AppTest"/>
  <testcase name="level5" time="1.227" classname="TacToc.TacToctest.AppTest"/>
</testsuite> <!-- Default test -->
