<?xml version="1.0" encoding="UTF-8"?>
<testng-results skipped="0" failed="0" ignored="0" total="5" passed="5">
  <reporter-output>
  </reporter-output>
  <suite name="Default suite" duration-ms="4223" started-at="2019-03-01T11:36:48Z" finished-at="2019-03-01T11:36:52Z">
    <groups>
    </groups>
    <test name="Default test" duration-ms="4223" started-at="2019-03-01T11:36:48Z" finished-at="2019-03-01T11:36:52Z">
      <class name="TacToc.TacToctest.AppTest">
        <test-method status="PASS" signature="setup()[pri:0, instance:TacToc.TacToctest.AppTest@27efef64]" name="setup" is-config="true" duration-ms="1584" started-at="2019-03-01T11:36:48Z" finished-at="2019-03-01T11:36:50Z">
          <reporter-output>
          </reporter-output>
        </test-method> <!-- setup -->
        <test-method status="PASS" signature="level1()[pri:0, instance:TacToc.TacToctest.AppTest@27efef64]" name="level1" duration-ms="182" started-at="2019-03-01T11:36:50Z" finished-at="2019-03-01T11:36:50Z">
          <reporter-output>
          </reporter-output>
        </test-method> <!-- level1 -->
        <test-method status="PASS" signature="level2()[pri:0, instance:TacToc.TacToctest.AppTest@27efef64]" name="level2" duration-ms="415" started-at="2019-03-01T11:36:50Z" finished-at="2019-03-01T11:36:50Z">
          <reporter-output>
          </reporter-output>
        </test-method> <!-- level2 -->
        <test-method status="PASS" signature="level3()[pri:0, instance:TacToc.TacToctest.AppTest@27efef64]" name="level3" duration-ms="260" started-at="2019-03-01T11:36:50Z" finished-at="2019-03-01T11:36:50Z">
          <reporter-output>
          </reporter-output>
        </test-method> <!-- level3 -->
        <test-method status="PASS" signature="level4()[pri:0, instance:TacToc.TacToctest.AppTest@27efef64]" name="level4" duration-ms="440" started-at="2019-03-01T11:36:50Z" finished-at="2019-03-01T11:36:51Z">
          <reporter-output>
          </reporter-output>
        </test-method> <!-- level4 -->
        <test-method status="PASS" signature="level5()[pri:0, instance:TacToc.TacToctest.AppTest@27efef64]" name="level5" duration-ms="1227" started-at="2019-03-01T11:36:51Z" finished-at="2019-03-01T11:36:52Z">
          <reporter-output>
          </reporter-output>
        </test-method> <!-- level5 -->
        <test-method status="PASS" signature="CloseInstance()[pri:0, instance:TacToc.TacToctest.AppTest@27efef64]" name="CloseInstance" is-config="true" duration-ms="78" started-at="2019-03-01T11:36:52Z" finished-at="2019-03-01T11:36:52Z">
          <reporter-output>
          </reporter-output>
        </test-method> <!-- CloseInstance -->
      </class> <!-- TacToc.TacToctest.AppTest -->
    </test> <!-- Default test -->
  </suite> <!-- Default suite -->
</testng-results>
